2024-01-13 04:34:11 DEBUG TelegramBot:30 - /start
2024-01-13 04:40:29 DEBUG TelegramBot:32 - /start
2024-01-13 04:40:29 ERROR TelegramBot:45 - org.telegram.telegrambots.meta.exceptions.TelegramApiRequestException: Unable to deserialize response
2024-01-14 00:05:36 DEBUG UpdateProducerImpl:13 - !
2024-01-14 00:05:59 ERROR UpdateController:37 - Unsupported message type is received: Update(updateId=935115446, message=null, inlineQuery=null, chosenInlineQuery=null, callbackQuery=null, editedMessage=Message(messageId=7, from=User(id=615149198, firstName=Pavel, isBot=false, lastName=Protsenko, userName=let_my_sunshine, languageCode=ru, canJoinGroups=null, canReadAllGroupMessages=null, supportInlineQueries=null, isPremium=null, addedToAttachmentMenu=null), date=1705179936, chat=Chat(id=615149198, type=private, title=null, firstName=Pavel, lastName=Protsenko, userName=let_my_sunshine, photo=null, description=null, inviteLink=null, pinnedMessage=null, stickerSetName=null, canSetStickerSet=null, permissions=null, slowModeDelay=null, bio=null, linkedChatId=null, location=null, messageAutoDeleteTime=null, hasPrivateForwards=null, HasProtectedContent=null, joinToSendMessages=null, joinByRequest=null), forwardFrom=null, forwardFromChat=null, forwardDate=null, text=!!, entities=null, captionEntities=null, audio=null, document=null, photo=null, sticker=null, video=null, contact=null, location=null, venue=null, animation=null, pinnedMessage=null, newChatMembers=[], leftChatMember=null, newChatTitle=null, newChatPhoto=null, deleteChatPhoto=null, groupchatCreated=null, replyToMessage=null, voice=null, caption=null, superGroupCreated=null, channelChatCreated=null, migrateToChatId=null, migrateFromChatId=null, editDate=1705179959, game=null, forwardFromMessageId=null, invoice=null, successfulPayment=null, videoNote=null, authorSignature=null, forwardSignature=null, mediaGroupId=null, connectedWebsite=null, passportData=null, forwardSenderName=null, poll=null, replyMarkup=null, dice=null, viaBot=null, senderChat=null, proximityAlertTriggered=null, messageAutoDeleteTimerChanged=null, isAutomaticForward=null, hasProtectedContent=null, webAppData=null, videoChatStarted=null, videoChatEnded=null, videoChatParticipantsInvited=null, videoChatScheduled=null), channelPost=null, editedChannelPost=null, shippingQuery=null, preCheckoutQuery=null, poll=null, pollAnswer=null, myChatMember=null, chatMember=null, chatJoinRequest=null)
2024-01-14 00:07:10 DEBUG UpdateProducerImpl:13 - 
2024-01-14 00:07:18 DEBUG UpdateProducerImpl:13 - 
2024-01-14 01:01:18 DEBUG UpdateProducerImpl:20 - Hellp
2024-01-14 01:59:41 DEBUG UpdateProducerImpl:20 - Hello from chat
2024-01-14 03:15:26 DEBUG UpdateProducerImpl:20 - try again bro
2024-01-14 03:16:43 DEBUG UpdateProducerImpl:20 - ddddd
2024-01-14 03:17:22 DEBUG UpdateProducerImpl:20 - vvvvvv
2024-01-14 03:21:33 DEBUG UpdateProducerImpl:20 - asda
2024-01-14 03:23:27 DEBUG UpdateProducerImpl:20 - sadd
2024-01-14 03:29:26 DEBUG UpdateProducerImpl:20 - dsffs
2024-01-14 03:37:56 DEBUG UpdateProducerImpl:20 - dsf
2024-01-14 03:40:14 DEBUG UpdateProducerImpl:20 - dfsf
2024-01-14 03:40:56 DEBUG UpdateProducerImpl:20 - dfsfds
2024-01-14 03:45:05 DEBUG UpdateProducerImpl:20 - ывавыа
2024-01-14 03:45:41 DEBUG UpdateProducerImpl:20 - вфывв
2024-01-14 03:46:58 DEBUG UpdateProducerImpl:20 - выава
2024-01-14 03:48:51 DEBUG UpdateProducerImpl:20 - dsdfsd
2024-01-14 04:00:10 DEBUG UpdateProducerImpl:20 - xcsd
2024-01-14 04:04:13 DEBUG UpdateProducerImpl:20 - adasd
2024-01-14 04:21:14 DEBUG UpdateProducerImpl:20 - adsad
2024-01-14 04:24:02 DEBUG UpdateProducerImpl:20 - czxcz
2024-01-14 04:24:28 DEBUG UpdateProducerImpl:20 - ad
2024-01-14 05:02:14 DEBUG UpdateProducerImpl:20 - asd
2024-01-14 05:02:18 DEBUG UpdateProducerImpl:20 - /help
2024-01-14 05:02:52 DEBUG UpdateProducerImpl:20 - adas
2024-01-14 05:03:48 DEBUG UpdateProducerImpl:20 - 
2024-01-14 14:29:13 DEBUG UpdateProducerImpl:20 - 
